<?xml version="1.0" encoding="UTF-8"?>
<!-- Generated by org.testng.reporters.JUnitReportReporter -->
<testsuite hostname="hballurus-Air.san.rr.com" name="testNG.DemoTestNG" tests="1" failures="0" timestamp="31 Aug 2015 07:04:28 GMT" time="11.901" errors="0">
  <testcase name="gmailLogin" time="11.901" classname="testNG.DemoTestNG"/>
</testsuite> <!-- testNG.DemoTestNG -->
